GAS LISTING /tmp/ccqomh5K.s 			page 1


   1              		.file	"print.cpp"
   2              		.option pic
   3              		.option norelax
   4              		.text
   5              	.Ltext0:
   6              		.align	2
   7              		.globl	_Z15printStringRadiPKc
   9              	_Z15printStringRadiPKc:
  10              	.LFB16:
  11              		.file 1 "src/print.cpp"
   1:src/print.cpp **** //
   2:src/print.cpp **** // Created by os on 6/22/22.
   3:src/print.cpp **** //
   4:src/print.cpp **** 
   5:src/print.cpp **** #include "../h/print.hpp"
   6:src/print.cpp **** #include "../h/syscall_c.h"
   7:src/print.cpp **** #include "../h/KRiscv.hpp"
   8:src/print.cpp **** 
   9:src/print.cpp **** void printStringRadi(const char *str) {
  12              		.loc 1 9 39
  13              		.cfi_startproc
  14              	.LVL0:
  15 0000 130101FD 		addi	sp,sp,-48
  16              		.cfi_def_cfa_offset 48
  17 0004 23341102 		sd	ra,40(sp)
  18 0008 23308102 		sd	s0,32(sp)
  19 000c 233C9100 		sd	s1,24(sp)
  20 0010 23382101 		sd	s2,16(sp)
  21              		.cfi_offset 1, -8
  22              		.cfi_offset 8, -16
  23              		.cfi_offset 9, -24
  24              		.cfi_offset 18, -32
  25 0014 13040103 		addi	s0,sp,48
  26              		.cfi_def_cfa 8, 0
  27 0018 93040500 		mv	s1,a0
  10:src/print.cpp ****     uint64 sstatus = KRiscv::r_sstatus();
  28              		.loc 1 10 5
  29              	.LBB14:
  30              	.LBB15:
  31              		.file 2 "src/../h/KRiscv.hpp"
   1:src/../h/KRiscv.hpp **** //
   2:src/../h/KRiscv.hpp **** // Created by os on 6/22/22.
   3:src/../h/KRiscv.hpp **** //
   4:src/../h/KRiscv.hpp **** 
   5:src/../h/KRiscv.hpp **** #ifndef PROJECT_BASE_V1_1_KRISCV_HPP
   6:src/../h/KRiscv.hpp **** #define PROJECT_BASE_V1_1_KRISCV_HPP
   7:src/../h/KRiscv.hpp **** 
   8:src/../h/KRiscv.hpp **** #include "../lib/hw.h"
   9:src/../h/KRiscv.hpp **** 
  10:src/../h/KRiscv.hpp **** extern uint64 framePointer;
  11:src/../h/KRiscv.hpp **** 
  12:src/../h/KRiscv.hpp **** class KRiscv {
  13:src/../h/KRiscv.hpp **** public:
  14:src/../h/KRiscv.hpp **** 
  15:src/../h/KRiscv.hpp ****     static void popSppSpie();
  16:src/../h/KRiscv.hpp ****     static void interruptHandler();
  17:src/../h/KRiscv.hpp ****     static void interrupt();
GAS LISTING /tmp/ccqomh5K.s 			page 2


  18:src/../h/KRiscv.hpp ****     static void pushRegisters();
  19:src/../h/KRiscv.hpp ****     static void popRegisters();
  20:src/../h/KRiscv.hpp **** 
  21:src/../h/KRiscv.hpp ****     static uint64 r_scause();
  22:src/../h/KRiscv.hpp ****     static void w_scause(uint64 scause);
  23:src/../h/KRiscv.hpp ****     static uint64 r_sepc();
  24:src/../h/KRiscv.hpp ****     static void w_sepc(uint64 sepc);
  25:src/../h/KRiscv.hpp ****     static uint64 r_stvec();
  26:src/../h/KRiscv.hpp ****     static void w_stvec(uint64 stvec);
  27:src/../h/KRiscv.hpp ****     static uint64 r_stval();
  28:src/../h/KRiscv.hpp ****     static void w_stval(uint64 stval);
  29:src/../h/KRiscv.hpp **** 
  30:src/../h/KRiscv.hpp ****     enum BitMaskSip {
  31:src/../h/KRiscv.hpp ****         SIP_SSIP = (1 << 1),
  32:src/../h/KRiscv.hpp ****         SIP_STIP = (1 << 5),
  33:src/../h/KRiscv.hpp ****         SIP_SEIP = (1 << 9)
  34:src/../h/KRiscv.hpp ****     };
  35:src/../h/KRiscv.hpp **** 
  36:src/../h/KRiscv.hpp ****     static void ms_sip(uint64 mask);
  37:src/../h/KRiscv.hpp ****     static void mc_sip(uint64 mask);
  38:src/../h/KRiscv.hpp ****     static uint64 r_sip();
  39:src/../h/KRiscv.hpp ****     static void w_sip(uint64 sip);
  40:src/../h/KRiscv.hpp **** 
  41:src/../h/KRiscv.hpp ****     enum BitMaskSstatus {
  42:src/../h/KRiscv.hpp ****         SSTATUS_SIE = (1 << 1),
  43:src/../h/KRiscv.hpp ****         SSTATUS_SPIE = (1 << 5),
  44:src/../h/KRiscv.hpp ****         SSTATUS_SPP = (1 << 8)
  45:src/../h/KRiscv.hpp ****     };
  46:src/../h/KRiscv.hpp **** 
  47:src/../h/KRiscv.hpp ****     static void ms_sstatus(uint64 mask);
  48:src/../h/KRiscv.hpp ****     static void mc_sstatus(uint64 mask);
  49:src/../h/KRiscv.hpp ****     static uint64 r_sstatus();
  50:src/../h/KRiscv.hpp ****     static void w_sstatus(uint64 sstatus);
  51:src/../h/KRiscv.hpp **** 
  52:src/../h/KRiscv.hpp **** };
  53:src/../h/KRiscv.hpp **** 
  54:src/../h/KRiscv.hpp **** inline uint64 KRiscv::r_scause() {
  55:src/../h/KRiscv.hpp ****     uint64 volatile scause;
  56:src/../h/KRiscv.hpp ****     asm volatile ("csrr %0, scause" : "=r"(scause));
  57:src/../h/KRiscv.hpp ****     return scause;
  58:src/../h/KRiscv.hpp **** }
  59:src/../h/KRiscv.hpp **** 
  60:src/../h/KRiscv.hpp **** inline void KRiscv::w_scause(uint64 scause) {
  61:src/../h/KRiscv.hpp ****     asm volatile ("csrw scause, %0" :: "r"(scause));
  62:src/../h/KRiscv.hpp **** }
  63:src/../h/KRiscv.hpp **** 
  64:src/../h/KRiscv.hpp **** inline uint64 KRiscv::r_sepc() {
  65:src/../h/KRiscv.hpp ****     uint64 volatile sepc;
  66:src/../h/KRiscv.hpp ****     asm volatile ("csrr %0, sepc" : "=r"(sepc));
  67:src/../h/KRiscv.hpp ****     return sepc;
  68:src/../h/KRiscv.hpp **** }
  69:src/../h/KRiscv.hpp **** 
  70:src/../h/KRiscv.hpp **** inline void KRiscv::w_sepc(uint64 sepc) {
  71:src/../h/KRiscv.hpp ****     asm volatile ("csrw sepc, %0" :: "r"(sepc));
  72:src/../h/KRiscv.hpp **** }
  73:src/../h/KRiscv.hpp **** 
  74:src/../h/KRiscv.hpp **** inline uint64 KRiscv::r_stvec() {
GAS LISTING /tmp/ccqomh5K.s 			page 3


  75:src/../h/KRiscv.hpp ****     uint64 volatile stvec;
  76:src/../h/KRiscv.hpp ****     asm volatile ("csrr %0, stvec" : "=r"(stvec));
  77:src/../h/KRiscv.hpp ****     return stvec;
  78:src/../h/KRiscv.hpp **** }
  79:src/../h/KRiscv.hpp **** 
  80:src/../h/KRiscv.hpp **** inline void KRiscv::w_stvec(uint64 stvec) {
  81:src/../h/KRiscv.hpp ****     asm volatile ("csrw stvec, %0" :: "r"(stvec));
  82:src/../h/KRiscv.hpp **** }
  83:src/../h/KRiscv.hpp **** 
  84:src/../h/KRiscv.hpp **** inline uint64 KRiscv::r_stval() {
  85:src/../h/KRiscv.hpp ****     uint64 volatile stval;
  86:src/../h/KRiscv.hpp ****     asm volatile ("csrr %0, stval" : "=r"(stval));
  87:src/../h/KRiscv.hpp ****     return stval;
  88:src/../h/KRiscv.hpp **** }
  89:src/../h/KRiscv.hpp **** 
  90:src/../h/KRiscv.hpp **** inline void KRiscv::w_stval(uint64 stval) {
  91:src/../h/KRiscv.hpp ****     asm volatile ("csrw stval, %0" :: "r"(stval));
  92:src/../h/KRiscv.hpp **** }
  93:src/../h/KRiscv.hpp **** 
  94:src/../h/KRiscv.hpp **** inline void KRiscv::ms_sip(uint64 mask) {
  95:src/../h/KRiscv.hpp ****     asm volatile ("csrs sip, %0" :: "r"(mask));
  96:src/../h/KRiscv.hpp **** }
  97:src/../h/KRiscv.hpp **** 
  98:src/../h/KRiscv.hpp **** inline void KRiscv::mc_sip(uint64 mask) {
  99:src/../h/KRiscv.hpp ****     asm volatile ("csrc sip, %0" :: "r"(mask));
 100:src/../h/KRiscv.hpp **** }
 101:src/../h/KRiscv.hpp **** 
 102:src/../h/KRiscv.hpp **** inline uint64 KRiscv::r_sip() {
 103:src/../h/KRiscv.hpp ****     uint64 volatile sip;
 104:src/../h/KRiscv.hpp ****     asm volatile ("csrr %0, sip" : "=r"(sip));
 105:src/../h/KRiscv.hpp ****     return sip;
 106:src/../h/KRiscv.hpp **** }
 107:src/../h/KRiscv.hpp **** 
 108:src/../h/KRiscv.hpp **** inline void KRiscv::w_sip(uint64 sip) {
 109:src/../h/KRiscv.hpp ****     asm volatile ("csrw sip, %0" :: "r"(sip));
 110:src/../h/KRiscv.hpp **** }
 111:src/../h/KRiscv.hpp **** 
 112:src/../h/KRiscv.hpp **** inline void KRiscv::ms_sstatus(uint64 mask) {
 113:src/../h/KRiscv.hpp ****     asm volatile ("csrs sstatus, %0" :: "r"(mask));
 114:src/../h/KRiscv.hpp **** }
 115:src/../h/KRiscv.hpp **** 
 116:src/../h/KRiscv.hpp **** inline void KRiscv::mc_sstatus(uint64 mask) {
 117:src/../h/KRiscv.hpp ****     asm volatile ("csrc sstatus, %0" :: "r"(mask));
 118:src/../h/KRiscv.hpp **** }
 119:src/../h/KRiscv.hpp **** 
 120:src/../h/KRiscv.hpp **** inline uint64 KRiscv::r_sstatus() {
 121:src/../h/KRiscv.hpp ****     uint64 volatile sstatus;
  32              		.loc 2 121 5
 122:src/../h/KRiscv.hpp ****     asm volatile ("csrr %0, sstatus" : "=r"(sstatus));
  33              		.loc 2 122 5
  34              		.loc 2 122 54 is_stmt 0
  35              	#APP
  36              	# 122 "src/../h/KRiscv.hpp" 1
 123              	    return sstatus;
  37              		csrr a5, sstatus
  38              	# 0 "" 2
  39              	#NO_APP
GAS LISTING /tmp/ccqomh5K.s 			page 4


  40 0020 233CF4FC 		sd	a5,-40(s0)
  41              		.loc 2 123 5 is_stmt 1
  42              		.loc 2 123 12 is_stmt 0
  43 0024 033984FD 		ld	s2,-40(s0)
  44              	.LVL1:
  45              	.LBE15:
  46              	.LBE14:
  11:src/print.cpp ****     KRiscv::mc_sstatus(KRiscv::SSTATUS_SIE);
  47              		.loc 1 11 5 is_stmt 1
  48              	.LBB16:
  49              	.LBB17:
 117:src/../h/KRiscv.hpp **** }
  50              		.loc 2 117 5
 117:src/../h/KRiscv.hpp **** }
  51              		.loc 2 117 51 is_stmt 0
  52 0028 93072000 		li	a5,2
  53              	#APP
  54              	# 117 "src/../h/KRiscv.hpp" 1
  55              		csrc sstatus, a5
  56              	# 0 "" 2
  57              	.LVL2:
  58              	#NO_APP
  59              	.L3:
  60              	.LBE17:
  61              	.LBE16:
  12:src/print.cpp ****     while (*str != '\0') {
  62              		.loc 1 12 5 is_stmt 1
  63              		.loc 1 12 17
  64              		.loc 1 12 12 is_stmt 0
  65 0030 03C50400 		lbu	a0,0(s1)
  66              		.loc 1 12 17
  67 0034 630A0500 		beqz	a0,.L2
  13:src/print.cpp ****         putc(*str);
  68              		.loc 1 13 9 is_stmt 1
  69              		.loc 1 13 13 is_stmt 0
  70 0038 97000000 		call	_Z4putcc@plt
  70      E7800000 
  71              	.LVL3:
  14:src/print.cpp ****         str++;
  72              		.loc 1 14 9 is_stmt 1
  73              		.loc 1 14 12 is_stmt 0
  74 0040 93841400 		addi	s1,s1,1
  75              	.LVL4:
  12:src/print.cpp ****     while (*str != '\0') {
  76              		.loc 1 12 5
  77 0044 6FF0DFFE 		j	.L3
  78              	.L2:
  15:src/print.cpp ****     }
  16:src/print.cpp ****     KRiscv::ms_sstatus(sstatus & KRiscv::SSTATUS_SIE ? KRiscv::SSTATUS_SIE : 0);
  79              		.loc 1 16 5 is_stmt 1
  80              		.loc 1 16 54 is_stmt 0
  81 0048 1B090900 		sext.w	s2,s2
  82              	.LVL5:
  83              		.loc 1 16 23
  84 004c 13792900 		andi	s2,s2,2
  85 0050 1B090900 		sext.w	s2,s2
  86              	.LVL6:
GAS LISTING /tmp/ccqomh5K.s 			page 5


  87              	.LBB18:
  88              	.LBB19:
 113:src/../h/KRiscv.hpp **** }
  89              		.loc 2 113 5 is_stmt 1
 113:src/../h/KRiscv.hpp **** }
  90              		.loc 2 113 51 is_stmt 0
  91              	#APP
  92              	# 113 "src/../h/KRiscv.hpp" 1
  93              		csrs sstatus, s2
  94              	# 0 "" 2
  95              	.LVL7:
  96              	#NO_APP
  97              	.LBE19:
  98              	.LBE18:
  17:src/print.cpp **** }
  99              		.loc 1 17 1
 100 0058 83308102 		ld	ra,40(sp)
 101              		.cfi_restore 1
 102 005c 03340102 		ld	s0,32(sp)
 103              		.cfi_restore 8
 104              		.cfi_def_cfa 2, 48
 105 0060 83348101 		ld	s1,24(sp)
 106              		.cfi_restore 9
 107              	.LVL8:
 108 0064 03390101 		ld	s2,16(sp)
 109              		.cfi_restore 18
 110 0068 13010103 		addi	sp,sp,48
 111              		.cfi_def_cfa_offset 0
 112 006c 67800000 		jr	ra
 113              		.cfi_endproc
 114              	.LFE16:
 116              		.align	2
 117              		.globl	_Z12printIntRadim
 119              	_Z12printIntRadim:
 120              	.LFB17:
  18:src/print.cpp **** 
  19:src/print.cpp **** void printIntRadi(uint64 integer) {
 121              		.loc 1 19 35 is_stmt 1
 122              		.cfi_startproc
 123              	.LVL9:
 124 0070 130101FC 		addi	sp,sp,-64
 125              		.cfi_def_cfa_offset 64
 126 0074 233C1102 		sd	ra,56(sp)
 127 0078 23388102 		sd	s0,48(sp)
 128 007c 23349102 		sd	s1,40(sp)
 129 0080 23302103 		sd	s2,32(sp)
 130              		.cfi_offset 1, -8
 131              		.cfi_offset 8, -16
 132              		.cfi_offset 9, -24
 133              		.cfi_offset 18, -32
 134 0084 13040104 		addi	s0,sp,64
 135              		.cfi_def_cfa 8, 0
  20:src/print.cpp ****     uint64 sstatus = KRiscv::r_sstatus();
 136              		.loc 1 20 5
 137              	.LBB20:
 138              	.LBB21:
 121:src/../h/KRiscv.hpp ****     asm volatile ("csrr %0, sstatus" : "=r"(sstatus));
GAS LISTING /tmp/ccqomh5K.s 			page 6


 139              		.loc 2 121 5
 122:src/../h/KRiscv.hpp ****     return sstatus;
 140              		.loc 2 122 5
 122:src/../h/KRiscv.hpp ****     return sstatus;
 141              		.loc 2 122 54 is_stmt 0
 142              	#APP
 143              	# 122 "src/../h/KRiscv.hpp" 1
 144              		csrr a5, sstatus
 145              	# 0 "" 2
 146              	#NO_APP
 147 008c 2334F4FC 		sd	a5,-56(s0)
 148              		.loc 2 123 5 is_stmt 1
 149              		.loc 2 123 12 is_stmt 0
 150 0090 033984FC 		ld	s2,-56(s0)
 151              	.LVL10:
 152              	.LBE21:
 153              	.LBE20:
  21:src/print.cpp ****     KRiscv::mc_sstatus(KRiscv::SSTATUS_SIE);
 154              		.loc 1 21 5 is_stmt 1
 155              	.LBB22:
 156              	.LBB23:
 117:src/../h/KRiscv.hpp **** }
 157              		.loc 2 117 5
 117:src/../h/KRiscv.hpp **** }
 158              		.loc 2 117 51 is_stmt 0
 159 0094 93072000 		li	a5,2
 160              	#APP
 161              	# 117 "src/../h/KRiscv.hpp" 1
 162              		csrc sstatus, a5
 163              	# 0 "" 2
 164              	.LVL11:
 165              	#NO_APP
 166              	.LBE23:
 167              	.LBE22:
  22:src/print.cpp ****     static char digits[] = "0123456789";
 168              		.loc 1 22 5 is_stmt 1
  23:src/print.cpp ****     char buf[16];
 169              		.loc 1 23 5
  24:src/print.cpp ****     int i, neg;
 170              		.loc 1 24 5
  25:src/print.cpp ****     uint x;
 171              		.loc 1 25 5
  26:src/print.cpp **** 
  27:src/print.cpp ****     neg = 0;
 172              		.loc 1 27 5
  28:src/print.cpp ****     if (integer < 0) neg = 1, x = -integer;
 173              		.loc 1 28 5
  29:src/print.cpp ****     else x = integer;
 174              		.loc 1 29 10
 175              		.loc 1 29 12 is_stmt 0
 176 009c 1B050500 		sext.w	a0,a0
 177              	.LVL12:
  30:src/print.cpp **** 
  31:src/print.cpp ****     i = 0;
 178              		.loc 1 31 5 is_stmt 1
 179              		.loc 1 31 7 is_stmt 0
 180 00a0 93040000 		li	s1,0
GAS LISTING /tmp/ccqomh5K.s 			page 7


 181              	.LVL13:
 182              	.L6:
  32:src/print.cpp ****     do {
 183              		.loc 1 32 5 is_stmt 1
  33:src/print.cpp ****         buf[i++] = digits[x % 10];
 184              		.loc 1 33 9
 185              		.loc 1 33 29 is_stmt 0
 186 00a4 1306A000 		li	a2,10
 187 00a8 3B77C502 		remuw	a4,a0,a2
 188              	.LVL14:
 189              		.loc 1 33 33
 190 00ac 93160702 		slli	a3,a4,32
 191 00b0 93D60602 		srli	a3,a3,32
 192 00b4 17070000 		lla	a4,.LANCHOR0
 192      13070700 
 193 00bc 3307D700 		add	a4,a4,a3
 194 00c0 03470700 		lbu	a4,0(a4)
 195              		.loc 1 33 18
 196 00c4 930604FE 		addi	a3,s0,-32
 197 00c8 B3879600 		add	a5,a3,s1
 198 00cc 9B841400 		addiw	s1,s1,1
 199              	.LVL15:
 200 00d0 2388E7FE 		sb	a4,-16(a5)
  34:src/print.cpp ****     } while ((x /= 10) != 0);
 201              		.loc 1 34 24 is_stmt 1
 202 00d4 1B070500 		sext.w	a4,a0
 203              		.loc 1 34 17 is_stmt 0
 204 00d8 3B55C502 		divuw	a0,a0,a2
 205              	.LVL16:
 206              		.loc 1 34 24
 207 00dc 93079000 		li	a5,9
 208 00e0 E3E2E7FC 		bgtu	a4,a5,.L6
 209              	.LVL17:
 210              	.L8:
  35:src/print.cpp ****     if (neg) buf[i++] = '-';
  36:src/print.cpp **** 
  37:src/print.cpp ****     while (--i >= 0) putc(buf[i]);
 211              		.loc 1 37 5 is_stmt 1
 212              		.loc 1 37 16
 213 00e4 9B84F4FF 		addiw	s1,s1,-1
 214              	.LVL18:
 215 00e8 63CE0400 		bltz	s1,.L7
 216              		.loc 1 37 22 discriminator 1
 217              		.loc 1 37 26 is_stmt 0 discriminator 1
 218 00ec 930704FE 		addi	a5,s0,-32
 219 00f0 B3879700 		add	a5,a5,s1
 220 00f4 03C507FF 		lbu	a0,-16(a5)
 221 00f8 97000000 		call	_Z4putcc@plt
 221      E7800000 
 222              	.LVL19:
 223 0100 6FF05FFE 		j	.L8
 224              	.L7:
  38:src/print.cpp ****     KRiscv::ms_sstatus(sstatus & KRiscv::SSTATUS_SIE ? KRiscv::SSTATUS_SIE : 0);
 225              		.loc 1 38 5 is_stmt 1
 226              		.loc 1 38 54 is_stmt 0
 227 0104 1B090900 		sext.w	s2,s2
 228              	.LVL20:
GAS LISTING /tmp/ccqomh5K.s 			page 8


 229              		.loc 1 38 23
 230 0108 13792900 		andi	s2,s2,2
 231 010c 1B090900 		sext.w	s2,s2
 232              	.LVL21:
 233              	.LBB24:
 234              	.LBB25:
 113:src/../h/KRiscv.hpp **** }
 235              		.loc 2 113 5 is_stmt 1
 113:src/../h/KRiscv.hpp **** }
 236              		.loc 2 113 51 is_stmt 0
 237              	#APP
 238              	# 113 "src/../h/KRiscv.hpp" 1
 239              		csrs sstatus, s2
 240              	# 0 "" 2
 241              	.LVL22:
 242              	#NO_APP
 243              	.LBE25:
 244              	.LBE24:
  39:src/print.cpp **** }...
 245              		.loc 1 39 1
 246 0114 83308103 		ld	ra,56(sp)
 247              		.cfi_restore 1
 248 0118 03340103 		ld	s0,48(sp)
 249              		.cfi_restore 8
 250              		.cfi_def_cfa 2, 64
 251 011c 83348102 		ld	s1,40(sp)
 252              		.cfi_restore 9
 253 0120 03390102 		ld	s2,32(sp)
 254              		.cfi_restore 18
 255 0124 13010104 		addi	sp,sp,64
 256              		.cfi_def_cfa_offset 0
 257 0128 67800000 		jr	ra
 258              		.cfi_endproc
 259              	.LFE17:
 261              		.section	.rodata
 262              		.align	3
 263              		.set	.LANCHOR0,. + 0
 266              	_ZZ12printIntRadimE6digits:
 267 0000 30313233 		.string	"0123456789"
 267      34353637 
 267      383900
 268              		.text
 269              	.Letext0:
 270              		.file 3 "src/../h/../lib/hw.h"
 271              		.file 4 "src/../h/syscall_c.h"
GAS LISTING /tmp/ccqomh5K.s 			page 9


DEFINED SYMBOLS
                            *ABS*:0000000000000000 print.cpp
     /tmp/ccqomh5K.s:9      .text:0000000000000000 _Z15printStringRadiPKc
     /tmp/ccqomh5K.s:13     .text:0000000000000000 .L0 
     /tmp/ccqomh5K.s:15     .text:0000000000000000 .L0 
     /tmp/ccqomh5K.s:16     .text:0000000000000004 .L0 
     /tmp/ccqomh5K.s:21     .text:0000000000000014 .L0 
     /tmp/ccqomh5K.s:22     .text:0000000000000014 .L0 
     /tmp/ccqomh5K.s:23     .text:0000000000000014 .L0 
     /tmp/ccqomh5K.s:24     .text:0000000000000014 .L0 
     /tmp/ccqomh5K.s:26     .text:0000000000000018 .L0 
     /tmp/ccqomh5K.s:32     .text:000000000000001c .L0 
     /tmp/ccqomh5K.s:33     .text:000000000000001c .L0 
     /tmp/ccqomh5K.s:34     .text:000000000000001c .L0 
 src/../h/KRiscv.hpp:122    .text:000000000000001c .L0 
     /tmp/ccqomh5K.s:42     .text:0000000000000024 .L0 
     /tmp/ccqomh5K.s:43     .text:0000000000000024 .L0 
     /tmp/ccqomh5K.s:50     .text:0000000000000028 .L0 
     /tmp/ccqomh5K.s:51     .text:0000000000000028 .L0 
     /tmp/ccqomh5K.s:52     .text:0000000000000028 .L0 
     /tmp/ccqomh5K.s:63     .text:0000000000000030 .L0 
     /tmp/ccqomh5K.s:64     .text:0000000000000030 .L0 
     /tmp/ccqomh5K.s:65     .text:0000000000000030 .L0 
     /tmp/ccqomh5K.s:67     .text:0000000000000034 .L0 
     /tmp/ccqomh5K.s:69     .text:0000000000000038 .L0 
     /tmp/ccqomh5K.s:70     .text:0000000000000038 .L0 
     /tmp/ccqomh5K.s:73     .text:0000000000000040 .L0 
     /tmp/ccqomh5K.s:74     .text:0000000000000040 .L0 
     /tmp/ccqomh5K.s:77     .text:0000000000000044 .L0 
     /tmp/ccqomh5K.s:80     .text:0000000000000048 .L0 
     /tmp/ccqomh5K.s:81     .text:0000000000000048 .L0 
     /tmp/ccqomh5K.s:84     .text:000000000000004c .L0 
     /tmp/ccqomh5K.s:90     .text:0000000000000054 .L0 
 src/../h/KRiscv.hpp:113    .text:0000000000000054 .L0 
     /tmp/ccqomh5K.s:100    .text:0000000000000058 .L0 
     /tmp/ccqomh5K.s:101    .text:000000000000005c .L0 
     /tmp/ccqomh5K.s:103    .text:0000000000000060 .L0 
     /tmp/ccqomh5K.s:104    .text:0000000000000060 .L0 
     /tmp/ccqomh5K.s:106    .text:0000000000000064 .L0 
     /tmp/ccqomh5K.s:109    .text:0000000000000068 .L0 
     /tmp/ccqomh5K.s:111    .text:000000000000006c .L0 
     /tmp/ccqomh5K.s:113    .text:0000000000000070 .L0 
     /tmp/ccqomh5K.s:119    .text:0000000000000070 _Z12printIntRadim
     /tmp/ccqomh5K.s:122    .text:0000000000000070 .L0 
     /tmp/ccqomh5K.s:124    .text:0000000000000070 .L0 
     /tmp/ccqomh5K.s:125    .text:0000000000000074 .L0 
     /tmp/ccqomh5K.s:130    .text:0000000000000084 .L0 
     /tmp/ccqomh5K.s:131    .text:0000000000000084 .L0 
     /tmp/ccqomh5K.s:132    .text:0000000000000084 .L0 
     /tmp/ccqomh5K.s:133    .text:0000000000000084 .L0 
     /tmp/ccqomh5K.s:135    .text:0000000000000088 .L0 
     /tmp/ccqomh5K.s:139    .text:0000000000000088 .L0 
     /tmp/ccqomh5K.s:140    .text:0000000000000088 .L0 
     /tmp/ccqomh5K.s:141    .text:0000000000000088 .L0 
 src/../h/KRiscv.hpp:122    .text:0000000000000088 .L0 
     /tmp/ccqomh5K.s:149    .text:0000000000000090 .L0 
     /tmp/ccqomh5K.s:150    .text:0000000000000090 .L0 
GAS LISTING /tmp/ccqomh5K.s 			page 10


     /tmp/ccqomh5K.s:157    .text:0000000000000094 .L0 
     /tmp/ccqomh5K.s:158    .text:0000000000000094 .L0 
     /tmp/ccqomh5K.s:159    .text:0000000000000094 .L0 
     /tmp/ccqomh5K.s:169    .text:000000000000009c .L0 
     /tmp/ccqomh5K.s:170    .text:000000000000009c .L0 
     /tmp/ccqomh5K.s:171    .text:000000000000009c .L0 
     /tmp/ccqomh5K.s:172    .text:000000000000009c .L0 
     /tmp/ccqomh5K.s:173    .text:000000000000009c .L0 
     /tmp/ccqomh5K.s:174    .text:000000000000009c .L0 
     /tmp/ccqomh5K.s:175    .text:000000000000009c .L0 
     /tmp/ccqomh5K.s:176    .text:000000000000009c .L0 
     /tmp/ccqomh5K.s:179    .text:00000000000000a0 .L0 
     /tmp/ccqomh5K.s:180    .text:00000000000000a0 .L0 
     /tmp/ccqomh5K.s:184    .text:00000000000000a4 .L0 
     /tmp/ccqomh5K.s:185    .text:00000000000000a4 .L0 
     /tmp/ccqomh5K.s:186    .text:00000000000000a4 .L0 
     /tmp/ccqomh5K.s:190    .text:00000000000000ac .L0 
     /tmp/ccqomh5K.s:196    .text:00000000000000c4 .L0 
     /tmp/ccqomh5K.s:202    .text:00000000000000d4 .L0 
     /tmp/ccqomh5K.s:204    .text:00000000000000d8 .L0 
     /tmp/ccqomh5K.s:207    .text:00000000000000dc .L0 
     /tmp/ccqomh5K.s:212    .text:00000000000000e4 .L0 
     /tmp/ccqomh5K.s:213    .text:00000000000000e4 .L0 
     /tmp/ccqomh5K.s:217    .text:00000000000000ec .L0 
     /tmp/ccqomh5K.s:218    .text:00000000000000ec .L0 
     /tmp/ccqomh5K.s:226    .text:0000000000000104 .L0 
     /tmp/ccqomh5K.s:227    .text:0000000000000104 .L0 
     /tmp/ccqomh5K.s:230    .text:0000000000000108 .L0 
     /tmp/ccqomh5K.s:236    .text:0000000000000110 .L0 
 src/../h/KRiscv.hpp:113    .text:0000000000000110 .L0 
     /tmp/ccqomh5K.s:246    .text:0000000000000114 .L0 
     /tmp/ccqomh5K.s:247    .text:0000000000000118 .L0 
     /tmp/ccqomh5K.s:249    .text:000000000000011c .L0 
     /tmp/ccqomh5K.s:250    .text:000000000000011c .L0 
     /tmp/ccqomh5K.s:252    .text:0000000000000120 .L0 
     /tmp/ccqomh5K.s:254    .text:0000000000000124 .L0 
     /tmp/ccqomh5K.s:256    .text:0000000000000128 .L0 
     /tmp/ccqomh5K.s:258    .text:000000000000012c .L0 
     /tmp/ccqomh5K.s:263    .rodata:0000000000000000 .LANCHOR0
     /tmp/ccqomh5K.s:266    .rodata:0000000000000000 _ZZ12printIntRadimE6digits
     /tmp/ccqomh5K.s:272    .text:000000000000012c .L0 
     /tmp/ccqomh5K.s:192    .text:00000000000000b4 .L0 
     /tmp/ccqomh5K.s:78     .text:0000000000000048 .L2
     /tmp/ccqomh5K.s:59     .text:0000000000000030 .L3
     /tmp/ccqomh5K.s:182    .text:00000000000000a4 .L6
     /tmp/ccqomh5K.s:224    .text:0000000000000104 .L7
     /tmp/ccqomh5K.s:210    .text:00000000000000e4 .L8
     /tmp/ccqomh5K.s:899    .debug_abbrev:0000000000000000 .Ldebug_abbrev0
     /tmp/ccqomh5K.s:1762   .debug_str:00000000000003b2 .LASF71
     /tmp/ccqomh5K.s:1780   .debug_str:0000000000000516 .LASF72
     /tmp/ccqomh5K.s:1660   .debug_str:00000000000000af .LASF73
     /tmp/ccqomh5K.s:5      .text:0000000000000000 .Ltext0
     /tmp/ccqomh5K.s:269    .text:000000000000012c .Letext0
     /tmp/ccqomh5K.s:1628   .debug_line:0000000000000000 .Ldebug_line0
     /tmp/ccqomh5K.s:1716   .debug_str:000000000000024d .LASF0
     /tmp/ccqomh5K.s:1656   .debug_str:000000000000009e .LASF3
     /tmp/ccqomh5K.s:1724   .debug_str:000000000000029d .LASF1
GAS LISTING /tmp/ccqomh5K.s 			page 11


     /tmp/ccqomh5K.s:1706   .debug_str:0000000000000208 .LASF2
     /tmp/ccqomh5K.s:1690   .debug_str:0000000000000189 .LASF4
     /tmp/ccqomh5K.s:1746   .debug_str:0000000000000349 .LASF5
     /tmp/ccqomh5K.s:1646   .debug_str:0000000000000058 .LASF6
     /tmp/ccqomh5K.s:1728   .debug_str:00000000000002c4 .LASF7
     /tmp/ccqomh5K.s:1714   .debug_str:000000000000023a .LASF8
     /tmp/ccqomh5K.s:1774   .debug_str:00000000000004cb .LASF9
     /tmp/ccqomh5K.s:1686   .debug_str:0000000000000171 .LASF10
     /tmp/ccqomh5K.s:1732   .debug_str:00000000000002dc .LASF11
     /tmp/ccqomh5K.s:1764   .debug_str:0000000000000476 .LASF12
     /tmp/ccqomh5K.s:1650   .debug_str:000000000000006b .LASF13
     /tmp/ccqomh5K.s:1634   .debug_str:000000000000001c .LASF14
     /tmp/ccqomh5K.s:1654   .debug_str:0000000000000092 .LASF15
     /tmp/ccqomh5K.s:1742   .debug_str:000000000000031a .LASF16
     /tmp/ccqomh5K.s:1662   .debug_str:00000000000000d2 .LASF17
     /tmp/ccqomh5K.s:1682   .debug_str:000000000000015e .LASF18
     /tmp/ccqomh5K.s:1770   .debug_str:00000000000004ad .LASF74
     /tmp/ccqomh5K.s:1664   .debug_str:00000000000000e8 .LASF75
     /tmp/ccqomh5K.s:1658   .debug_str:00000000000000a3 .LASF19
     /tmp/ccqomh5K.s:1698   .debug_str:00000000000001bb .LASF20
     /tmp/ccqomh5K.s:1648   .debug_str:000000000000005f .LASF21
     /tmp/ccqomh5K.s:1740   .debug_str:000000000000030f .LASF22
     /tmp/ccqomh5K.s:1744   .debug_str:0000000000000330 .LASF24
     /tmp/ccqomh5K.s:1666   .debug_str:00000000000000f7 .LASF23
     /tmp/ccqomh5K.s:1776   .debug_str:00000000000004db .LASF25
     /tmp/ccqomh5K.s:1676   .debug_str:0000000000000143 .LASF26
     /tmp/ccqomh5K.s:1652   .debug_str:000000000000007b .LASF27
     /tmp/ccqomh5K.s:1644   .debug_str:000000000000004a .LASF28
     /tmp/ccqomh5K.s:1778   .debug_str:00000000000004fa .LASF29
     /tmp/ccqomh5K.s:1756   .debug_str:000000000000038c .LASF30
     /tmp/ccqomh5K.s:1718   .debug_str:000000000000025a .LASF31
     /tmp/ccqomh5K.s:1636   .debug_str:000000000000002c .LASF32
     /tmp/ccqomh5K.s:1766   .debug_str:0000000000000485 .LASF34
     /tmp/ccqomh5K.s:1668   .debug_str:0000000000000108 .LASF36
     /tmp/ccqomh5K.s:1750   .debug_str:0000000000000362 .LASF38
     /tmp/ccqomh5K.s:1748   .debug_str:000000000000035b .LASF33
     /tmp/ccqomh5K.s:1758   .debug_str:0000000000000399 .LASF35
     /tmp/ccqomh5K.s:1754   .debug_str:0000000000000385 .LASF37
     /tmp/ccqomh5K.s:1704   .debug_str:00000000000001f4 .LASF39
     /tmp/ccqomh5K.s:1680   .debug_str:0000000000000156 .LASF40
     /tmp/ccqomh5K.s:1712   .debug_str:0000000000000225 .LASF41
     /tmp/ccqomh5K.s:1632   .debug_str:0000000000000014 .LASF42
     /tmp/ccqomh5K.s:1734   .debug_str:00000000000002eb .LASF43
     /tmp/ccqomh5K.s:1670   .debug_str:0000000000000111 .LASF44
     /tmp/ccqomh5K.s:1702   .debug_str:00000000000001df .LASF45
     /tmp/ccqomh5K.s:1788   .debug_str:0000000000000558 .LASF46
     /tmp/ccqomh5K.s:1722   .debug_str:0000000000000288 .LASF47
     /tmp/ccqomh5K.s:1736   .debug_str:0000000000000300 .LASF48
     /tmp/ccqomh5K.s:1726   .debug_str:00000000000002b0 .LASF49
     /tmp/ccqomh5K.s:1642   .debug_str:0000000000000043 .LASF50
     /tmp/ccqomh5K.s:1630   .debug_str:0000000000000000 .LASF51
     /tmp/ccqomh5K.s:1684   .debug_str:000000000000016b .LASF52
     /tmp/ccqomh5K.s:1720   .debug_str:0000000000000275 .LASF53
     /tmp/ccqomh5K.s:1638   .debug_str:0000000000000035 .LASF54
     /tmp/ccqomh5K.s:1672   .debug_str:0000000000000119 .LASF55
     /tmp/ccqomh5K.s:1786   .debug_str:000000000000054d .LASF56
     /tmp/ccqomh5K.s:1694   .debug_str:000000000000019b .LASF57
GAS LISTING /tmp/ccqomh5K.s 			page 12


     /tmp/ccqomh5K.s:1692   .debug_str:0000000000000190 .LASF58
     /tmp/ccqomh5K.s:1782   .debug_str:0000000000000524 .LASF59
     /tmp/ccqomh5K.s:1688   .debug_str:000000000000017f .LASF60
     /tmp/ccqomh5K.s:1772   .debug_str:00000000000004b4 .LASF61
     /tmp/ccqomh5K.s:1708   .debug_str:0000000000000216 .LASF76
     /tmp/ccqomh5K.s:1674   .debug_str:000000000000012c .LASF77
     /tmp/ccqomh5K.s:1752   .debug_str:0000000000000378 .LASF65
     /tmp/ccqomh5K.s:1768   .debug_str:000000000000049b .LASF67
     /tmp/ccqomh5K.s:120    .text:0000000000000070 .LFB17
     /tmp/ccqomh5K.s:259    .text:000000000000012c .LFE17
     /tmp/ccqomh5K.s:1640   .debug_str:000000000000003b .LASF69
     /tmp/ccqomh5K.s:1502   .debug_loc:0000000000000000 .LLST4
     /tmp/ccqomh5K.s:1738   .debug_str:0000000000000307 .LASF62
     /tmp/ccqomh5K.s:1516   .debug_loc:0000000000000039 .LLST5
     /tmp/ccqomh5K.s:1696   .debug_str:00000000000001b4 .LASF63
     /tmp/ccqomh5K.s:1523   .debug_loc:000000000000005c .LLST6
     /tmp/ccqomh5K.s:1545   .debug_loc:00000000000000bb .LLST7
     /tmp/ccqomh5K.s:137    .text:0000000000000088 .LBB20
     /tmp/ccqomh5K.s:153    .text:0000000000000094 .LBE20
     /tmp/ccqomh5K.s:155    .text:0000000000000094 .LBB22
     /tmp/ccqomh5K.s:167    .text:000000000000009c .LBE22
     /tmp/ccqomh5K.s:1567   .debug_loc:00000000000000fc .LLST8
     /tmp/ccqomh5K.s:233    .text:0000000000000110 .LBB24
     /tmp/ccqomh5K.s:244    .text:0000000000000114 .LBE24
     /tmp/ccqomh5K.s:1575   .debug_loc:0000000000000120 .LLST9
     /tmp/ccqomh5K.s:222    .text:0000000000000100 .LVL19
     /tmp/ccqomh5K.s:1730   .debug_str:00000000000002d7 .LASF64
     /tmp/ccqomh5K.s:1784   .debug_str:000000000000053d .LASF66
     /tmp/ccqomh5K.s:1700   .debug_str:00000000000001c8 .LASF68
     /tmp/ccqomh5K.s:10     .text:0000000000000000 .LFB16
     /tmp/ccqomh5K.s:114    .text:0000000000000070 .LFE16
     /tmp/ccqomh5K.s:1582   .debug_loc:0000000000000143 .LLST0
     /tmp/ccqomh5K.s:1593   .debug_loc:0000000000000179 .LLST1
     /tmp/ccqomh5K.s:29     .text:000000000000001c .LBB14
     /tmp/ccqomh5K.s:46     .text:0000000000000028 .LBE14
     /tmp/ccqomh5K.s:48     .text:0000000000000028 .LBB16
     /tmp/ccqomh5K.s:61     .text:0000000000000030 .LBE16
     /tmp/ccqomh5K.s:1600   .debug_loc:000000000000019c .LLST2
     /tmp/ccqomh5K.s:87     .text:0000000000000054 .LBB18
     /tmp/ccqomh5K.s:98     .text:0000000000000058 .LBE18
     /tmp/ccqomh5K.s:1608   .debug_loc:00000000000001c0 .LLST3
     /tmp/ccqomh5K.s:71     .text:0000000000000040 .LVL3
     /tmp/ccqomh5K.s:1760   .debug_str:00000000000003ad .LASF70
     /tmp/ccqomh5K.s:1678   .debug_str:000000000000014d .LASF78
     /tmp/ccqomh5K.s:1710   .debug_str:0000000000000220 .LASF79
     /tmp/ccqomh5K.s:123    .text:0000000000000070 .LVL9
     /tmp/ccqomh5K.s:177    .text:00000000000000a0 .LVL12
     /tmp/ccqomh5K.s:151    .text:0000000000000094 .LVL10
     /tmp/ccqomh5K.s:228    .text:0000000000000108 .LVL20
     /tmp/ccqomh5K.s:181    .text:00000000000000a4 .LVL13
     /tmp/ccqomh5K.s:188    .text:00000000000000ac .LVL14
     /tmp/ccqomh5K.s:199    .text:00000000000000d0 .LVL15
     /tmp/ccqomh5K.s:209    .text:00000000000000e4 .LVL17
     /tmp/ccqomh5K.s:214    .text:00000000000000e8 .LVL18
     /tmp/ccqomh5K.s:205    .text:00000000000000dc .LVL16
     /tmp/ccqomh5K.s:164    .text:000000000000009c .LVL11
     /tmp/ccqomh5K.s:232    .text:0000000000000110 .LVL21
GAS LISTING /tmp/ccqomh5K.s 			page 13


     /tmp/ccqomh5K.s:241    .text:0000000000000114 .LVL22
     /tmp/ccqomh5K.s:14     .text:0000000000000000 .LVL0
     /tmp/ccqomh5K.s:57     .text:0000000000000030 .LVL2
     /tmp/ccqomh5K.s:107    .text:0000000000000064 .LVL8
     /tmp/ccqomh5K.s:44     .text:0000000000000028 .LVL1
     /tmp/ccqomh5K.s:82     .text:000000000000004c .LVL5
     /tmp/ccqomh5K.s:86     .text:0000000000000054 .LVL6
     /tmp/ccqomh5K.s:95     .text:0000000000000058 .LVL7
     /tmp/ccqomh5K.s:273    .debug_info:0000000000000000 .Ldebug_info0

UNDEFINED SYMBOLS
_Z4putcc
